<?xml version="1.0" encoding="UTF-8"?>
<robot generator="Robot 4.1.3 (Python 3.10.2 on darwin)" generated="20220219 22:50:45.413" rpa="false" schemaversion="2">
<suite id="s1" name="TestCase" source="/Users/makzibs/Project2/TestCases/TestCase.robot">
<test id="s1-t1" name="First Test case">
<kw name="Open and maximize browser" library="Resources">
<kw name="Open Browser" library="SeleniumLibrary">
<arg>${URL}</arg>
<arg>${Browser}</arg>
<doc>Opens a new browser instance to the optional ``url``.</doc>
<msg timestamp="20220219 22:50:45.661" level="INFO">Opening browser 'Chrome' to base url 'https://petstore.octoperf.com/actions/Catalog.action'.</msg>
<status status="PASS" starttime="20220219 22:50:45.661" endtime="20220219 22:50:48.744"/>
</kw>
<kw name="Maximize Browser Window" library="SeleniumLibrary">
<doc>Maximizes current browser window.</doc>
<status status="PASS" starttime="20220219 22:50:48.744" endtime="20220219 22:50:48.877"/>
</kw>
<status status="PASS" starttime="20220219 22:50:45.660" endtime="20220219 22:50:48.878"/>
</kw>
<kw name="Login" library="Resources">
<kw name="Click Element" library="SeleniumLibrary">
<arg>//*[@id="MenuContent"]/a[2]</arg>
<doc>Click the element identified by ``locator``.</doc>
<msg timestamp="20220219 22:50:48.879" level="INFO">Clicking element '//*[@id="MenuContent"]/a[2]'.</msg>
<status status="PASS" starttime="20220219 22:50:48.878" endtime="20220219 22:50:49.019"/>
</kw>
<kw name="Sleep" library="BuiltIn">
<arg>2s</arg>
<doc>Pauses the test executed for the given time.</doc>
<msg timestamp="20220219 22:50:51.020" level="INFO">Slept 2 seconds</msg>
<status status="PASS" starttime="20220219 22:50:49.019" endtime="20220219 22:50:51.020"/>
</kw>
<kw name="Input Text" library="SeleniumLibrary">
<arg>name=username</arg>
<arg>aa_bb</arg>
<doc>Types the given ``text`` into the text field identified by ``locator``.</doc>
<msg timestamp="20220219 22:50:51.021" level="INFO">Typing text 'aa_bb' into text field 'name=username'.</msg>
<status status="PASS" starttime="20220219 22:50:51.020" endtime="20220219 22:50:51.105"/>
</kw>
<kw name="Input Text" library="SeleniumLibrary">
<arg>name=password</arg>
<arg>aabbaabb</arg>
<doc>Types the given ``text`` into the text field identified by ``locator``.</doc>
<msg timestamp="20220219 22:50:51.106" level="INFO">Typing text 'aabbaabb' into text field 'name=password'.</msg>
<status status="PASS" starttime="20220219 22:50:51.106" endtime="20220219 22:50:51.203"/>
</kw>
<kw name="Click Button" library="SeleniumLibrary">
<arg>name=signon</arg>
<doc>Clicks the button identified by ``locator``.</doc>
<msg timestamp="20220219 22:50:51.204" level="INFO">Clicking button 'name=signon'.</msg>
<status status="PASS" starttime="20220219 22:50:51.204" endtime="20220219 22:50:51.457"/>
</kw>
<kw name="Sleep" library="BuiltIn">
<arg>2s</arg>
<doc>Pauses the test executed for the given time.</doc>
<msg timestamp="20220219 22:50:53.460" level="INFO">Slept 2 seconds</msg>
<status status="PASS" starttime="20220219 22:50:51.458" endtime="20220219 22:50:53.460"/>
</kw>
<status status="PASS" starttime="20220219 22:50:48.878" endtime="20220219 22:50:53.460"/>
</kw>
<kw name="Shopping" library="Resources">
<kw name="Click Element" library="SeleniumLibrary">
<arg>//*[@id="SidebarContent"]/a[1]/img</arg>
<doc>Click the element identified by ``locator``.</doc>
<msg timestamp="20220219 22:50:53.462" level="INFO">Clicking element '//*[@id="SidebarContent"]/a[1]/img'.</msg>
<status status="PASS" starttime="20220219 22:50:53.461" endtime="20220219 22:50:53.607"/>
</kw>
<kw name="Sleep" library="BuiltIn">
<arg>2s</arg>
<doc>Pauses the test executed for the given time.</doc>
<msg timestamp="20220219 22:50:55.610" level="INFO">Slept 2 seconds</msg>
<status status="PASS" starttime="20220219 22:50:53.607" endtime="20220219 22:50:55.610"/>
</kw>
<kw name="Click Element" library="SeleniumLibrary">
<arg>//*[@id="Catalog"]/table/tbody/tr[2]/td[1]/a</arg>
<doc>Click the element identified by ``locator``.</doc>
<msg timestamp="20220219 22:50:55.611" level="INFO">Clicking element '//*[@id="Catalog"]/table/tbody/tr[2]/td[1]/a'.</msg>
<status status="PASS" starttime="20220219 22:50:55.610" endtime="20220219 22:50:55.754"/>
</kw>
<kw name="Sleep" library="BuiltIn">
<arg>2s</arg>
<doc>Pauses the test executed for the given time.</doc>
<msg timestamp="20220219 22:50:57.755" level="INFO">Slept 2 seconds</msg>
<status status="PASS" starttime="20220219 22:50:55.755" endtime="20220219 22:50:57.755"/>
</kw>
<kw name="Click Element" library="SeleniumLibrary">
<arg>//*[@id="Catalog"]/table/tbody/tr[2]/td[5]/a</arg>
<doc>Click the element identified by ``locator``.</doc>
<msg timestamp="20220219 22:50:57.756" level="INFO">Clicking element '//*[@id="Catalog"]/table/tbody/tr[2]/td[5]/a'.</msg>
<status status="PASS" starttime="20220219 22:50:57.756" endtime="20220219 22:50:57.920"/>
</kw>
<kw name="Sleep" library="BuiltIn">
<arg>2s</arg>
<doc>Pauses the test executed for the given time.</doc>
<msg timestamp="20220219 22:50:59.921" level="INFO">Slept 2 seconds</msg>
<status status="PASS" starttime="20220219 22:50:57.920" endtime="20220219 22:50:59.921"/>
</kw>
<kw name="Click Element" library="SeleniumLibrary">
<arg>//*[@id="BackLink"]/a</arg>
<doc>Click the element identified by ``locator``.</doc>
<msg timestamp="20220219 22:50:59.922" level="INFO">Clicking element '//*[@id="BackLink"]/a'.</msg>
<status status="PASS" starttime="20220219 22:50:59.921" endtime="20220219 22:51:00.060"/>
</kw>
<kw name="Sleep" library="BuiltIn">
<arg>2s</arg>
<doc>Pauses the test executed for the given time.</doc>
<msg timestamp="20220219 22:51:02.062" level="INFO">Slept 2 seconds</msg>
<status status="PASS" starttime="20220219 22:51:00.060" endtime="20220219 22:51:02.062"/>
</kw>
<kw name="Click Element" library="SeleniumLibrary">
<arg>//*[@id="SidebarContent"]/a[2]/img</arg>
<doc>Click the element identified by ``locator``.</doc>
<msg timestamp="20220219 22:51:02.063" level="INFO">Clicking element '//*[@id="SidebarContent"]/a[2]/img'.</msg>
<status status="PASS" starttime="20220219 22:51:02.063" endtime="20220219 22:51:02.195"/>
</kw>
<kw name="Sleep" library="BuiltIn">
<arg>2s</arg>
<doc>Pauses the test executed for the given time.</doc>
<msg timestamp="20220219 22:51:04.196" level="INFO">Slept 2 seconds</msg>
<status status="PASS" starttime="20220219 22:51:02.195" endtime="20220219 22:51:04.197"/>
</kw>
<kw name="Click Element" library="SeleniumLibrary">
<arg>//*[@id="Catalog"]/table/tbody/tr[2]/td[1]/a</arg>
<doc>Click the element identified by ``locator``.</doc>
<msg timestamp="20220219 22:51:04.197" level="INFO">Clicking element '//*[@id="Catalog"]/table/tbody/tr[2]/td[1]/a'.</msg>
<status status="PASS" starttime="20220219 22:51:04.197" endtime="20220219 22:51:04.314"/>
</kw>
<kw name="Sleep" library="BuiltIn">
<arg>2s</arg>
<doc>Pauses the test executed for the given time.</doc>
<msg timestamp="20220219 22:51:06.315" level="INFO">Slept 2 seconds</msg>
<status status="PASS" starttime="20220219 22:51:04.314" endtime="20220219 22:51:06.315"/>
</kw>
<kw name="Click Element" library="SeleniumLibrary">
<arg>//*[@id="Catalog"]/table/tbody/tr[2]/td[5]/a</arg>
<doc>Click the element identified by ``locator``.</doc>
<msg timestamp="20220219 22:51:06.316" level="INFO">Clicking element '//*[@id="Catalog"]/table/tbody/tr[2]/td[5]/a'.</msg>
<status status="PASS" starttime="20220219 22:51:06.315" endtime="20220219 22:51:06.488"/>
</kw>
<kw name="Sleep" library="BuiltIn">
<arg>2s</arg>
<doc>Pauses the test executed for the given time.</doc>
<msg timestamp="20220219 22:51:08.489" level="INFO">Slept 2 seconds</msg>
<status status="PASS" starttime="20220219 22:51:06.489" endtime="20220219 22:51:08.490"/>
</kw>
<kw name="Click Element" library="SeleniumLibrary">
<arg>//*[@id="Cart"]/a</arg>
<doc>Click the element identified by ``locator``.</doc>
<msg timestamp="20220219 22:51:08.490" level="INFO">Clicking element '//*[@id="Cart"]/a'.</msg>
<status status="PASS" starttime="20220219 22:51:08.490" endtime="20220219 22:51:08.765"/>
</kw>
<kw name="Sleep" library="BuiltIn">
<arg>2s</arg>
<doc>Pauses the test executed for the given time.</doc>
<msg timestamp="20220219 22:51:10.766" level="INFO">Slept 2 seconds</msg>
<status status="PASS" starttime="20220219 22:51:08.765" endtime="20220219 22:51:10.766"/>
</kw>
<kw name="Select Checkbox" library="SeleniumLibrary">
<arg>shippingAddressRequired</arg>
<doc>Selects the checkbox identified by ``locator``.</doc>
<msg timestamp="20220219 22:51:10.767" level="INFO">Selecting checkbox 'shippingAddressRequired'.</msg>
<status status="PASS" starttime="20220219 22:51:10.767" endtime="20220219 22:51:10.820"/>
</kw>
<kw name="Sleep" library="BuiltIn">
<arg>3s</arg>
<doc>Pauses the test executed for the given time.</doc>
<msg timestamp="20220219 22:51:13.822" level="INFO">Slept 3 seconds</msg>
<status status="PASS" starttime="20220219 22:51:10.820" endtime="20220219 22:51:13.823"/>
</kw>
<kw name="Click Element" library="SeleniumLibrary">
<arg>name=newOrder</arg>
<doc>Click the element identified by ``locator``.</doc>
<msg timestamp="20220219 22:51:13.823" level="INFO">Clicking element 'name=newOrder'.</msg>
<status status="PASS" starttime="20220219 22:51:13.823" endtime="20220219 22:51:13.967"/>
</kw>
<kw name="Sleep" library="BuiltIn">
<arg>2s</arg>
<doc>Pauses the test executed for the given time.</doc>
<msg timestamp="20220219 22:51:15.967" level="INFO">Slept 2 seconds</msg>
<status status="PASS" starttime="20220219 22:51:13.967" endtime="20220219 22:51:15.968"/>
</kw>
<kw name="Click Element" library="SeleniumLibrary">
<arg>//*[@id="Catalog"]/form/input</arg>
<doc>Click the element identified by ``locator``.</doc>
<msg timestamp="20220219 22:51:15.968" level="INFO">Clicking element '//*[@id="Catalog"]/form/input'.</msg>
<status status="PASS" starttime="20220219 22:51:15.968" endtime="20220219 22:51:16.086"/>
</kw>
<kw name="Sleep" library="BuiltIn">
<arg>2s</arg>
<doc>Pauses the test executed for the given time.</doc>
<msg timestamp="20220219 22:51:18.088" level="INFO">Slept 2 seconds</msg>
<status status="PASS" starttime="20220219 22:51:16.086" endtime="20220219 22:51:18.089"/>
</kw>
<kw name="Click Element" library="SeleniumLibrary">
<arg>//*[@id="Catalog"]/a</arg>
<doc>Click the element identified by ``locator``.</doc>
<msg timestamp="20220219 22:51:18.089" level="INFO">Clicking element '//*[@id="Catalog"]/a'.</msg>
<status status="PASS" starttime="20220219 22:51:18.089" endtime="20220219 22:51:18.268"/>
</kw>
<kw name="Sleep" library="BuiltIn">
<arg>5s</arg>
<doc>Pauses the test executed for the given time.</doc>
<msg timestamp="20220219 22:51:23.269" level="INFO">Slept 5 seconds</msg>
<status status="PASS" starttime="20220219 22:51:18.268" endtime="20220219 22:51:23.269"/>
</kw>
<status status="PASS" starttime="20220219 22:50:53.461" endtime="20220219 22:51:23.269"/>
</kw>
<kw name="Log the total cost" library="Resources">
<kw name="Get Text" library="SeleniumLibrary">
<var>${Text}</var>
<arg>xpath://*[@id="Catalog"]/table/tbody/tr[26]/td/table/tbody/tr[4]/th</arg>
<doc>Returns the text value of the element identified by ``locator``.</doc>
<msg timestamp="20220219 22:51:23.299" level="INFO">${Text} = Total: $35.00</msg>
<status status="PASS" starttime="20220219 22:51:23.270" endtime="20220219 22:51:23.300"/>
</kw>
<kw name="Log To Console" library="BuiltIn">
<arg>${Text}</arg>
<doc>Logs the given message to the console.</doc>
<status status="PASS" starttime="20220219 22:51:23.300" endtime="20220219 22:51:23.300"/>
</kw>
<status status="PASS" starttime="20220219 22:51:23.270" endtime="20220219 22:51:23.300"/>
</kw>
<kw name="Close the browser" library="Resources">
<kw name="Close Browser" library="SeleniumLibrary">
<doc>Closes the current browser.</doc>
<status status="PASS" starttime="20220219 22:51:23.301" endtime="20220219 22:51:23.377"/>
</kw>
<status status="PASS" starttime="20220219 22:51:23.300" endtime="20220219 22:51:23.377"/>
</kw>
<status status="PASS" starttime="20220219 22:50:45.660" endtime="20220219 22:51:23.378"/>
</test>
<status status="PASS" starttime="20220219 22:50:45.415" endtime="20220219 22:51:23.380"/>
</suite>
<statistics>
<total>
<stat pass="1" fail="0" skip="0">All Tests</stat>
</total>
<tag>
</tag>
<suite>
<stat pass="1" fail="0" skip="0" id="s1" name="TestCase">TestCase</stat>
</suite>
</statistics>
<errors>
<msg timestamp="20220219 22:50:45.659" level="WARN">Imported library '/Users/makzibs/Project2/TestCases/ExternalKeywords/UserKeywords.py' contains no keywords.</msg>
</errors>
</robot>
